<?xml version="1.0" encoding="UTF-8"?>
<!-- Generated by org.testng.reporters.JUnitXMLReporter -->
<testsuite hostname="OPBL-MAC-LVCF.local" ignored="0" name="Default test" tests="3" failures="0" timestamp="26 Nov 2019 11:47:44 GMT" time="1.78" errors="0">
  <testcase name="onBoardDemoApiTest" time="1.06" classname="com.demoApi.tests.APIDemoTests"/>
  <testcase name="fetchBillAPITest" time="0.192" classname="com.demoApi.tests.APIDemoTests"/>
  <testcase name="makePaymentAPITest" time="0.035" classname="com.demoApi.tests.APIDemoTests"/>
</testsuite> <!-- Default test -->
