<?xml version="1.0" encoding="UTF-8"?>
<testng-results skipped="0" failed="0" ignored="0" total="3" passed="3">
  <reporter-output>
  </reporter-output>
  <suite name="Default suite" duration-ms="1780" started-at="2019-11-26T11:47:42Z" finished-at="2019-11-26T11:47:44Z">
    <groups>
    </groups>
    <test name="Default test" duration-ms="1780" started-at="2019-11-26T11:47:42Z" finished-at="2019-11-26T11:47:44Z">
      <class name="com.demoApi.tests.APIDemoTests">
        <test-method status="PASS" signature="onBoardDemoApiTest(org.testng.ITestContext, java.lang.String, java.lang.String, java.lang.String, java.lang.String)[pri:1, instance:com.demoApi.tests.APIDemoTests@ae45eb6]" name="onBoardDemoApiTest" duration-ms="1060" started-at="2019-11-26T11:47:42Z" data-provider="onBoardingApi" finished-at="2019-11-26T11:47:43Z">
          <params>
            <param index="0">
              <value>
                <![CDATA[org.testng.TestRunner@5891e32e]]>
              </value>
            </param>
            <param index="1">
              <value>
                <![CDATA[http://localhost:5000/notifications]]>
              </value>
            </param>
            <param index="2">
              <value>
                <![CDATA[UltraPayer]]>
              </value>
            </param>
            <param index="3">
              <value>
                <![CDATA[http://localhost:3000/api/onboard]]>
              </value>
            </param>
            <param index="4">
              <value>
                <![CDATA[success]]>
              </value>
            </param>
          </params>
          <reporter-output>
          </reporter-output>
        </test-method> <!-- onBoardDemoApiTest -->
        <test-method status="PASS" signature="fetchBillAPITest(org.testng.ITestContext, java.lang.String, java.lang.String)[pri:2, instance:com.demoApi.tests.APIDemoTests@ae45eb6]" name="fetchBillAPITest" duration-ms="192" started-at="2019-11-26T11:47:43Z" data-provider="fetchBillAPITest" finished-at="2019-11-26T11:47:43Z">
          <params>
            <param index="0">
              <value>
                <![CDATA[org.testng.TestRunner@5891e32e]]>
              </value>
            </param>
            <param index="1">
              <value>
                <![CDATA[http://localhost:3000/api/bills]]>
              </value>
            </param>
            <param index="2">
              <value>
                <![CDATA[success]]>
              </value>
            </param>
          </params>
          <reporter-output>
          </reporter-output>
        </test-method> <!-- fetchBillAPITest -->
        <test-method status="PASS" signature="makePaymentAPITest(org.testng.ITestContext, java.lang.String, java.lang.String)[pri:3, instance:com.demoApi.tests.APIDemoTests@ae45eb6]" name="makePaymentAPITest" duration-ms="35" started-at="2019-11-26T11:47:44Z" data-provider="makePaymentAPITest" finished-at="2019-11-26T11:47:44Z">
          <params>
            <param index="0">
              <value>
                <![CDATA[org.testng.TestRunner@5891e32e]]>
              </value>
            </param>
            <param index="1">
              <value>
                <![CDATA[http://localhost:3000/api/pay]]>
              </value>
            </param>
            <param index="2">
              <value>
                <![CDATA[success]]>
              </value>
            </param>
          </params>
          <reporter-output>
          </reporter-output>
        </test-method> <!-- makePaymentAPITest -->
      </class> <!-- com.demoApi.tests.APIDemoTests -->
    </test> <!-- Default test -->
  </suite> <!-- Default suite -->
</testng-results>
